Using pre-set license

 COMMAND LINE ARGUMENTS:
/Users/tomas/Developer/tools/unity/2020.3.2f1/Unity.app/Contents/MacOS/Unity
-adb2
-batchMode
-noUpm
-name
AssetImportWorker0
-projectPath
/Users/tomas/VGTU/3kurs/6 semestras/Dirbtinis intelektas/Labyrinth
-logFile
Logs/AssetImportWorker0.log
-srvPort
49456
Successfully changed project path to: /Users/tomas/VGTU/3kurs/6 semestras/Dirbtinis intelektas/Labyrinth
/Users/tomas/VGTU/3kurs/6 semestras/Dirbtinis intelektas/Labyrinth
Using Asset Import Pipeline V2.
Refreshing native plugins compatible for Editor in 24.60 ms, found 1 plugins.
Preloading 0 native plugins for Editor in 0.00 ms.
Initialize engine version: 2020.3.2f1 (8fd9074bf66c)
[Subsystems] Discovering subsystems at path /Users/tomas/Developer/tools/unity/2020.3.2f1/Unity.app/Contents/Resources/UnitySubsystems
[Subsystems] Discovering subsystems at path /Users/tomas/VGTU/3kurs/6 semestras/Dirbtinis intelektas/Labyrinth/Assets
GfxDevice: creating device client; threaded=0
2021-04-07 20:53:15.007 Unity[785:9687] Color LCD preferred device: Intel(R) Iris(TM) Plus Graphics 655 (low power)
2021-04-07 20:53:15.007 Unity[785:9687] Metal devices available: 1
2021-04-07 20:53:15.007 Unity[785:9687] 0: Intel(R) Iris(TM) Plus Graphics 655 (low power)
2021-04-07 20:53:15.007 Unity[785:9687] Using device Intel(R) Iris(TM) Plus Graphics 655 (low power)
Initializing Metal device caps: Intel(R) Iris(TM) Plus Graphics 655
Initialize mono
Mono path[0] = '/Users/tomas/Developer/tools/unity/2020.3.2f1/Unity.app/Contents/Managed'
Mono path[1] = '/Users/tomas/Developer/tools/unity/2020.3.2f1/Unity.app/Contents/MonoBleedingEdge/lib/mono/unityjit'
Mono config path = '/Users/tomas/Developer/tools/unity/2020.3.2f1/Unity.app/Contents/MonoBleedingEdge/etc'
Using monoOptions --debugger-agent=transport=dt_socket,embedding=1,server=y,suspend=n,address=127.0.0.1:56785
Begin MonoManager ReloadAssembly
Registering precompiled unity dll's ...
Register platform support module: /Users/tomas/Developer/tools/unity/2020.3.2f1/Unity.app/Contents/PlaybackEngines/MacStandaloneSupport/UnityEditor.OSXStandalone.Extensions.dll
Register platform support module: /Users/tomas/Developer/tools/unity/2020.3.2f1/PlaybackEngines/WindowsStandaloneSupport/UnityEditor.WindowsStandalone.Extensions.dll
Registered in 0.001988 seconds.
Native extension for WindowsStandalone target not found
Native extension for OSXStandalone target not found
Refreshing native plugins compatible for Editor in 24.29 ms, found 1 plugins.
Preloading 0 native plugins for Editor in 0.00 ms.
Invoked RoslynAnalysisRunner static constructor.
RoslynAnalysisRunner will not be running.
RoslynAnalysisRunner has terminated.
Mono: successfully reloaded assembly
- Completed reload, in  2.046 seconds
Platform modules already initialized, skipping
Registering precompiled user dll's ...
Registered in 0.000982 seconds.
Begin MonoManager ReloadAssembly
Native extension for WindowsStandalone target not found
Native extension for OSXStandalone target not found
Refreshing native plugins compatible for Editor in 0.24 ms, found 1 plugins.
Preloading 0 native plugins for Editor in 0.00 ms.
Invoked RoslynAnalysisRunner static constructor.
RoslynAnalysisRunner will not be running.
RoslynAnalysisRunner has terminated.
Mono: successfully reloaded assembly
- Completed reload, in  1.093 seconds
Platform modules already initialized, skipping
========================================================================
Worker process is ready to serve import requests
Launching external process: /Users/tomas/Developer/tools/unity/2020.3.2f1/Unity.app/Contents/Tools/UnityShaderCompiler
Launched and connected shader compiler UnityShaderCompiler after 0.02 seconds
Refreshing native plugins compatible for Editor in 0.28 ms, found 1 plugins.
Preloading 0 native plugins for Editor in 0.00 ms.
Unloading 1115 Unused Serialized files (Serialized files now loaded: 0)
System memory in use before: 110.7 MB.
System memory in use after: 110.8 MB.

Unloading 10 unused Assets to reduce memory usage. Loaded Objects now: 1557.
Total: 2.585058 ms (FindLiveObjects: 0.266045 ms CreateObjectMapping: 0.057941 ms MarkObjects: 2.131519 ms  DeleteObjects: 0.128185 ms)

========================================================================
Received Import Request.
  path: Packages/com.unity.textmeshpro/package.json
  artifactKey: Guid(220e9325710f4235a43492dd1ee4980d) Importer(815301076,1909f56bfc062723c751e8b465ee728b)
Start importing Packages/com.unity.textmeshpro/package.json using Guid(220e9325710f4235a43492dd1ee4980d) Importer(815301076,1909f56bfc062723c751e8b465ee728b)  -> (artifact id: 'e822a60ec7d95b2e19808aeae83e87a1') in 1.801334 seconds
  Import took 1.804133 seconds .

========================================================================
Received Import Request.
  Time since last request: 0.000301 seconds.
  path: Packages/com.unity.textmeshpro
  artifactKey: Guid(cabaa672b0e3ee91fa7b6da4daab7970) Importer(815301076,1909f56bfc062723c751e8b465ee728b)
Start importing Packages/com.unity.textmeshpro using Guid(cabaa672b0e3ee91fa7b6da4daab7970) Importer(815301076,1909f56bfc062723c751e8b465ee728b)  -> (artifact id: 'ee99eb6ef4f7edb6dcc1a58185fd583b') in 0.001422 seconds
  Import took 0.004426 seconds .

========================================================================
Received Import Request.
  Time since last request: 54.228481 seconds.
  path: Assets/groundMaterial.mat
  artifactKey: Guid(a1f8f3b9c6c2f459f9f5e5b8512c3ebb) Importer(815301076,1909f56bfc062723c751e8b465ee728b)
Start importing Assets/groundMaterial.mat using Guid(a1f8f3b9c6c2f459f9f5e5b8512c3ebb) Importer(815301076,1909f56bfc062723c751e8b465ee728b)  -> (artifact id: 'f4486b4eb0778c3fe387ec40ec5324ad') in 1.803557 seconds
  Import took 1.806542 seconds .

========================================================================
Received Import Request.
  Time since last request: 820.904812 seconds.
  path: Assets/Maze_simple.png
  artifactKey: Guid(84bfc04b7bd2a4236914f658653f1fae) Importer(815301076,1909f56bfc062723c751e8b465ee728b)
Start importing Assets/Maze_simple.png using Guid(84bfc04b7bd2a4236914f658653f1fae) Importer(815301076,1909f56bfc062723c751e8b465ee728b)  -> (artifact id: '8262e10c0ca7cb96fe2305107c66f867') in 1.047060 seconds
  Import took 1.050551 seconds .

========================================================================
Received Import Request.
  Time since last request: 313.547544 seconds.
  path: Assets/New Material.mat
  artifactKey: Guid(0dbd3d0e1671b40ddad61246f3aa7a4a) Importer(815301076,1909f56bfc062723c751e8b465ee728b)
Start importing Assets/New Material.mat using Guid(0dbd3d0e1671b40ddad61246f3aa7a4a) Importer(815301076,1909f56bfc062723c751e8b465ee728b)  -> (artifact id: '34578040a30d14cd6d7700ce96c09c41') in 0.036697 seconds
  Import took 0.038862 seconds .

========================================================================
Received Import Request.
  Time since last request: 510.474904 seconds.
  path: Assets/groundMaterial.mat
  artifactKey: Guid(a1f8f3b9c6c2f459f9f5e5b8512c3ebb) Importer(815301076,1909f56bfc062723c751e8b465ee728b)
Start importing Assets/groundMaterial.mat using Guid(a1f8f3b9c6c2f459f9f5e5b8512c3ebb) Importer(815301076,1909f56bfc062723c751e8b465ee728b)  -> (artifact id: '3603671230c5698a2e5a3fce799ad3f2') in 0.031826 seconds
  Import took 0.034780 seconds .

========================================================================
Received Import Request.
  Time since last request: 0.000201 seconds.
  path: Assets/wallMaterial.mat
  artifactKey: Guid(0dbd3d0e1671b40ddad61246f3aa7a4a) Importer(815301076,1909f56bfc062723c751e8b465ee728b)
Start importing Assets/wallMaterial.mat using Guid(0dbd3d0e1671b40ddad61246f3aa7a4a) Importer(815301076,1909f56bfc062723c751e8b465ee728b)  -> (artifact id: '548763ead184b1b2add1d5e075290dd3') in 0.029053 seconds
  Import took 0.031887 seconds .

========================================================================
Received Import Request.
  Time since last request: 480.292924 seconds.
  path: Assets
  artifactKey: Guid(00000000000000001000000000000000) Importer(815301076,1909f56bfc062723c751e8b465ee728b)
Start importing Assets using Guid(00000000000000001000000000000000) Importer(815301076,1909f56bfc062723c751e8b465ee728b)  -> (artifact id: '819a33a9bd799f71faca6db75e8a216c') in 0.001736 seconds
  Import took 0.005340 seconds .

========================================================================
Received Import Request.
  Time since last request: 0.004514 seconds.
  path: Assets
  artifactKey: Guid(00000000000000001000000000000000) Importer(815301076,1909f56bfc062723c751e8b465ee728b)
Start importing Assets using Guid(00000000000000001000000000000000) Importer(815301076,1909f56bfc062723c751e8b465ee728b)  -> (artifact id: '819a33a9bd799f71faca6db75e8a216c') in 0.000858 seconds
  Import took 0.003239 seconds .

========================================================================
Received Import Request.
  Time since last request: 19.225583 seconds.
  path: Assets/playerMaterial.mat
  artifactKey: Guid(2bf33e154088c427db0e4c07cc562842) Importer(815301076,1909f56bfc062723c751e8b465ee728b)
Start importing Assets/playerMaterial.mat using Guid(2bf33e154088c427db0e4c07cc562842) Importer(815301076,1909f56bfc062723c751e8b465ee728b)  -> (artifact id: 'bd66da6f3f087b5d4e1e94b21a9eea7b') in 0.016092 seconds
  Import took 0.019716 seconds .

========================================================================
Received Import Request.
  Time since last request: 810.572171 seconds.
  path: Assets/playerMaterial.mat
  artifactKey: Guid(2bf33e154088c427db0e4c07cc562842) Importer(815301076,1909f56bfc062723c751e8b465ee728b)
Start importing Assets/playerMaterial.mat using Guid(2bf33e154088c427db0e4c07cc562842) Importer(815301076,1909f56bfc062723c751e8b465ee728b)  -> (artifact id: '01b1914628eb06ba3b141b2dd236d593') in 0.040763 seconds
  Import took 0.055134 seconds .

